<?xml version="1.0" encoding="UTF-8"?>
<testng-results skipped="0" failed="0" ignored="0" total="1" passed="1">
  <reporter-output>
  </reporter-output>
  <suite name="Default suite" duration-ms="9700" started-at="2020-05-17T03:17:58Z" finished-at="2020-05-17T03:18:08Z">
    <groups>
    </groups>
    <test name="Default test" duration-ms="9700" started-at="2020-05-17T03:17:58Z" finished-at="2020-05-17T03:18:08Z">
      <class name="jenkin.TC_001">
        <test-method status="PASS" signature="TS_001()[pri:0, instance:jenkin.TC_001@38bc8ab5]" name="TS_001" duration-ms="9684" started-at="2020-05-17T03:17:58Z" finished-at="2020-05-17T03:18:08Z">
          <reporter-output>
          </reporter-output>
        </test-method> <!-- TS_001 -->
      </class> <!-- jenkin.TC_001 -->
    </test> <!-- Default test -->
  </suite> <!-- Default suite -->
</testng-results>
